0 info it worked if it ends with ok
1 verbose cli [ 'C:\\Program Files\\nodejs\\\\node.exe',
1 verbose cli   'C:\\Program Files\\nodejs\\node_modules\\npm\\bin\\npm-cli.js',
1 verbose cli   'install',
1 verbose cli   'cherrio' ]
2 info using npm@1.3.21
3 info using node@v0.10.24
4 verbose node symlink C:\Program Files\nodejs\\node.exe
5 warn package.json multitest@0.0.0 No repository field.
6 verbose readDependencies using package.json deps
7 verbose cache add [ 'cherrio', null ]
8 verbose cache add name=undefined spec="cherrio" args=["cherrio",null]
9 verbose parsed url { protocol: null,
9 verbose parsed url   slashes: null,
9 verbose parsed url   auth: null,
9 verbose parsed url   host: null,
9 verbose parsed url   port: null,
9 verbose parsed url   hostname: null,
9 verbose parsed url   hash: null,
9 verbose parsed url   search: null,
9 verbose parsed url   query: null,
9 verbose parsed url   pathname: 'cherrio',
9 verbose parsed url   path: 'cherrio',
9 verbose parsed url   href: 'cherrio' }
10 silly lockFile 6cf1d75a-cherrio cherrio
11 verbose lock cherrio C:\Users\The Zahir\AppData\Roaming\npm-cache\6cf1d75a-cherrio.lock
12 silly lockFile 6cf1d75a-cherrio cherrio
13 silly lockFile 6cf1d75a-cherrio cherrio
14 verbose addNamed [ 'cherrio', '' ]
15 verbose addNamed [ null, '*' ]
16 silly lockFile b66f2ba4-cherrio cherrio@
17 verbose lock cherrio@ C:\Users\The Zahir\AppData\Roaming\npm-cache\b66f2ba4-cherrio.lock
18 silly addNameRange { name: 'cherrio', range: '*', hasData: false }
19 verbose url raw cherrio
20 verbose url resolving [ 'https://registry.npmjs.org/', './cherrio' ]
21 verbose url resolved https://registry.npmjs.org/cherrio
22 info trying registry request attempt 1 at 13:33:46
23 http GET https://registry.npmjs.org/cherrio
24 http 404 https://registry.npmjs.org/cherrio
25 silly registry.get cb [ 404,
25 silly registry.get   { date: 'Mon, 26 May 2014 08:03:48 GMT',
25 silly registry.get     server: 'CouchDB/1.5.0 (Erlang OTP/R16B)',
25 silly registry.get     'content-type': 'application/json',
25 silly registry.get     via: '1.1 varnish',
25 silly registry.get     'cache-control': 'max-age=0',
25 silly registry.get     'content-length': '52',
25 silly registry.get     'accept-ranges': 'bytes',
25 silly registry.get     age: '0',
25 silly registry.get     'x-served-by': 'cache-v37-ASH, cache-sv94-SJC3',
25 silly registry.get     'x-cache': 'MISS, MISS',
25 silly registry.get     'x-cache-hits': '0, 0',
25 silly registry.get     'x-timer': 'S1401091428.549890,VS0,VE161',
25 silly registry.get     'keep-alive': 'timeout=10, max=50',
25 silly registry.get     connection: 'Keep-Alive' } ]
26 silly lockFile b66f2ba4-cherrio cherrio@
27 silly lockFile b66f2ba4-cherrio cherrio@
28 error 404 'cherrio' is not in the npm registry.
28 error 404 You should bug the author to publish it
28 error 404
28 error 404 Note that you can also install from a
28 error 404 tarball, folder, or http url, or git url.
29 error System Windows_NT 6.1.7601
30 error command "C:\\Program Files\\nodejs\\\\node.exe" "C:\\Program Files\\nodejs\\node_modules\\npm\\bin\\npm-cli.js" "install" "cherrio"
31 error cwd C:\wamp\www\highchart_demo\highchart_demo\nodephp\heroku-multipack-nodejs-php-example
32 error node -v v0.10.24
33 error npm -v 1.3.21
34 error code E404
35 verbose exit [ 1, true ]
